c:\users\ramne\desktop\sil-project\cheatdefender\cheatdefender\cheatdefender\debug\vc142.pdb
c:\users\ramne\desktop\sil-project\cheatdefender\cheatdefender\cheatdefender\debug\vc142.idb
c:\users\ramne\desktop\sil-project\cheatdefender\cheatdefender\cheatdefender\debug\network.obj
c:\users\ramne\desktop\sil-project\cheatdefender\cheatdefender\cheatdefender\debug\texture.obj
c:\users\ramne\desktop\sil-project\cheatdefender\cheatdefender\cheatdefender\debug\shader.obj
c:\users\ramne\desktop\sil-project\cheatdefender\cheatdefender\cheatdefender\debug\model.obj
c:\users\ramne\desktop\sil-project\cheatdefender\cheatdefender\cheatdefender\debug\mesh.obj
c:\users\ramne\desktop\sil-project\cheatdefender\cheatdefender\cheatdefender\debug\map.obj
c:\users\ramne\desktop\sil-project\cheatdefender\cheatdefender\cheatdefender\debug\camera.obj
c:\users\ramne\desktop\sil-project\cheatdefender\cheatdefender\cheatdefender\debug\enclavewrapper.obj
c:\users\ramne\desktop\sil-project\cheatdefender\cheatdefender\cheatdefender\debug\window.obj
c:\users\ramne\desktop\sil-project\cheatdefender\cheatdefender\cheatdefender\debug\mouse.obj
c:\users\ramne\desktop\sil-project\cheatdefender\cheatdefender\cheatdefender\debug\client_main.obj
c:\users\ramne\desktop\sil-project\cheatdefender\cheatdefender\cheatdefender\debug\enclave_u.obj
c:\users\ramne\desktop\sil-project\cheatdefender\cheatdefender\cheatdefender\enclave_u.h
c:\users\ramne\desktop\sil-project\cheatdefender\cheatdefender\cheatdefender\enclave_u.c
c:\users\ramne\desktop\sil-project\cheatdefender\cheatdefender\debug\cheatdefender.exe
c:\users\ramne\desktop\sil-project\cheatdefender\cheatdefender\cheatdefender\debug\cheatdefender.ilk
c:\users\ramne\desktop\sil-project\cheatdefender\cheatdefender\debug\cheatdefender.pdb
c:\users\ramne\desktop\sil-project\cheatdefender\cheatdefender\cheatdefender\debug\cheatdefender.tlog\cl.command.1.tlog
c:\users\ramne\desktop\sil-project\cheatdefender\cheatdefender\cheatdefender\debug\cheatdefender.tlog\cl.read.1.tlog
c:\users\ramne\desktop\sil-project\cheatdefender\cheatdefender\cheatdefender\debug\cheatdefender.tlog\cl.write.1.tlog
c:\users\ramne\desktop\sil-project\cheatdefender\cheatdefender\cheatdefender\debug\cheatdefender.tlog\custombuild.command.1.tlog
c:\users\ramne\desktop\sil-project\cheatdefender\cheatdefender\cheatdefender\debug\cheatdefender.tlog\custombuild.read.1.tlog
c:\users\ramne\desktop\sil-project\cheatdefender\cheatdefender\cheatdefender\debug\cheatdefender.tlog\custombuild.write.1.tlog
c:\users\ramne\desktop\sil-project\cheatdefender\cheatdefender\cheatdefender\debug\cheatdefender.tlog\link.command.1.tlog
c:\users\ramne\desktop\sil-project\cheatdefender\cheatdefender\cheatdefender\debug\cheatdefender.tlog\link.read.1.tlog
c:\users\ramne\desktop\sil-project\cheatdefender\cheatdefender\cheatdefender\debug\cheatdefender.tlog\link.write.1.tlog
