c:\users\ramne\desktop\sil-project\cheatdefender\cheatdefender\enclave\debug\vc142.pdb
c:\users\ramne\desktop\sil-project\cheatdefender\cheatdefender\enclave\debug\cmac.obj
c:\users\ramne\desktop\sil-project\cheatdefender\cheatdefender\enclave\debug\aes.obj
c:\users\ramne\desktop\sil-project\cheatdefender\cheatdefender\enclave\debug\enclave.obj
c:\users\ramne\desktop\sil-project\cheatdefender\cheatdefender\enclave\debug\enclave_t.obj
c:\users\ramne\desktop\sil-project\cheatdefender\cheatdefender\enclave\enclave_t.h
c:\users\ramne\desktop\sil-project\cheatdefender\cheatdefender\enclave\enclave_t.c
c:\users\ramne\desktop\sil-project\cheatdefender\cheatdefender\debug\enclave.lib
c:\users\ramne\desktop\sil-project\cheatdefender\cheatdefender\debug\enclave.exp
c:\users\ramne\desktop\sil-project\cheatdefender\cheatdefender\debug\enclave.dll
c:\users\ramne\desktop\sil-project\cheatdefender\cheatdefender\debug\enclave.pdb
c:\users\ramne\desktop\sil-project\cheatdefender\cheatdefender\enclave\debug\enclave.tlog\cl.command.1.tlog
c:\users\ramne\desktop\sil-project\cheatdefender\cheatdefender\enclave\debug\enclave.tlog\cl.read.1.tlog
c:\users\ramne\desktop\sil-project\cheatdefender\cheatdefender\enclave\debug\enclave.tlog\cl.write.1.tlog
c:\users\ramne\desktop\sil-project\cheatdefender\cheatdefender\enclave\debug\enclave.tlog\custombuild.command.1.tlog
c:\users\ramne\desktop\sil-project\cheatdefender\cheatdefender\enclave\debug\enclave.tlog\custombuild.read.1.tlog
c:\users\ramne\desktop\sil-project\cheatdefender\cheatdefender\enclave\debug\enclave.tlog\custombuild.write.1.tlog
c:\users\ramne\desktop\sil-project\cheatdefender\cheatdefender\enclave\debug\enclave.tlog\enclave.write.1u.tlog
c:\users\ramne\desktop\sil-project\cheatdefender\cheatdefender\enclave\debug\enclave.tlog\link.command.1.tlog
c:\users\ramne\desktop\sil-project\cheatdefender\cheatdefender\enclave\debug\enclave.tlog\link.read.1.tlog
c:\users\ramne\desktop\sil-project\cheatdefender\cheatdefender\enclave\debug\enclave.tlog\link.write.1.tlog
